android/app/build/intermediates/manifest_merge_blame_file/debug/manifest-merger-blame-debug-report.txt
1<?xml version="1.0" encoding="utf-8"?>
2<manifest xmlns:android="http://schemas.android.com/apk/res/android"
3    package="com.tailorapp"
4    android:versionCode="1"
5    android:versionName="1.0" >
6
7    <uses-sdk
8        android:minSdkVersion="21"
9        android:targetSdkVersion="31" />
10
11    <uses-permission android:name="android.permission.SYSTEM_ALERT_WINDOW" />
11-->src/debug/AndroidManifest.xml:5:5-77
11-->src/debug/AndroidManifest.xml:5:22-75
12    <uses-permission
12-->src/main/AndroidManifest.xml:6:5-7:51
13        android:name="android.permission.READ_PHONE_STATE"
13-->src/main/AndroidManifest.xml:6:22-72
14        android:maxSdkVersion="29" />
14-->src/main/AndroidManifest.xml:7:22-48
15    <uses-permission android:name="android.permission.READ_PHONE_NUMBERS" />
15-->src/main/AndroidManifest.xml:8:5-77
15-->src/main/AndroidManifest.xml:8:22-74
16    <uses-permission android:name="android.permission.RECORD_AUDIO" />
16-->src/main/AndroidManifest.xml:10:5-71
16-->src/main/AndroidManifest.xml:10:22-68
17    <uses-permission android:name="android.permission.WRITE_EXTERNAL_STORAGE" />
17-->src/main/AndroidManifest.xml:11:5-81
17-->src/main/AndroidManifest.xml:11:22-78
18    <uses-permission android:name="android.permission.READ_EXTERNAL_STORAGE" />
18-->src/main/AndroidManifest.xml:12:5-80
18-->src/main/AndroidManifest.xml:12:22-77
19    <uses-permission android:name="android.permission.INTERNET" />
19-->src/main/AndroidManifest.xml:4:5-67
19-->src/main/AndroidManifest.xml:4:22-64
20    <uses-permission android:name="android.permission.CAMERA" />
20-->src/main/AndroidManifest.xml:13:5-65
20-->src/main/AndroidManifest.xml:13:22-62
21    <uses-permission android:name="android.permission.ACCESS_WIFI_STATE" /> <!-- Required to access Google Play Licensing -->
21-->[com.facebook.flipper:flipper:0.125.0] AndroidManifest.xml:16:5-76
21-->[com.facebook.flipper:flipper:0.125.0] AndroidManifest.xml:16:22-73
22    <uses-permission android:name="com.android.vending.CHECK_LICENSE" />
22-->[:rn-fetch-blob] AndroidManifest.xml:10:5-73
22-->[:rn-fetch-blob] AndroidManifest.xml:10:22-70
23    <!--
24         Required to keep CPU alive while downloading files
25        (NOT to keep screen awake)
26    -->
27    <uses-permission android:name="android.permission.WAKE_LOCK" />
27-->[:rn-fetch-blob] AndroidManifest.xml:19:5-68
27-->[:rn-fetch-blob] AndroidManifest.xml:19:22-65
28    <!--
29         Required to poll the state of the network connection
30        and respond to changes
31    -->
32    <uses-permission android:name="android.permission.ACCESS_NETWORK_STATE" /> <!-- Required by older versions of Google Play services to create IID tokens -->
32-->[:rn-fetch-blob] AndroidManifest.xml:25:5-79
32-->[:rn-fetch-blob] AndroidManifest.xml:25:22-76
33    <uses-permission android:name="com.google.android.c2dm.permission.RECEIVE" />
33-->[com.google.android.gms:play-services-iid:17.0.0] AndroidManifest.xml:23:5-82
33-->[com.google.android.gms:play-services-iid:17.0.0] AndroidManifest.xml:23:22-79
34    <uses-permission android:name="com.google.android.finsky.permission.BIND_GET_INSTALL_REFERRER_SERVICE" />
34-->[com.android.installreferrer:installreferrer:1.1.2] AndroidManifest.xml:9:5-110
34-->[com.android.installreferrer:installreferrer:1.1.2] AndroidManifest.xml:9:22-107
35
36    <application
36-->src/main/AndroidManifest.xml:16:5-38:19
37        android:name="com.tailorapp.MainApplication"
37-->src/main/AndroidManifest.xml:17:7-38
38        android:allowBackup="false"
38-->src/main/AndroidManifest.xml:21:7-34
39        android:appComponentFactory="androidx.core.app.CoreComponentFactory"
39-->[androidx.core:core:1.7.0] AndroidManifest.xml:24:18-86
40        android:debuggable="true"
41        android:icon="@mipmap/ic_launcher"
41-->src/main/AndroidManifest.xml:19:7-41
42        android:label="@string/app_name"
42-->src/main/AndroidManifest.xml:18:7-39
43        android:roundIcon="@mipmap/ic_launcher_round"
43-->src/main/AndroidManifest.xml:20:7-52
44        android:theme="@style/AppTheme"
44-->src/main/AndroidManifest.xml:22:7-38
45        android:usesCleartextTraffic="true" >
45-->src/main/AndroidManifest.xml:23:7-42
46        <activity
46-->src/debug/AndroidManifest.xml:19:9-111
47            android:name="com.facebook.react.devsupport.DevSettingsActivity"
47-->src/debug/AndroidManifest.xml:19:19-83
48            android:exported="false" />
48-->src/debug/AndroidManifest.xml:19:84-108
49        <activity
49-->src/main/AndroidManifest.xml:26:7-37:18
50            android:name="com.tailorapp.MainActivity"
50-->src/main/AndroidManifest.xml:27:9-37
51            android:configChanges="keyboard|keyboardHidden|orientation|screenLayout|screenSize|smallestScreenSize|uiMode"
51-->src/main/AndroidManifest.xml:29:9-118
52            android:exported="true"
52-->src/main/AndroidManifest.xml:32:9-32
53            android:label="@string/app_name"
53-->src/main/AndroidManifest.xml:28:9-41
54            android:launchMode="singleTask"
54-->src/main/AndroidManifest.xml:30:9-40
55            android:windowSoftInputMode="adjustResize" >
55-->src/main/AndroidManifest.xml:31:9-51
56            <intent-filter>
56-->src/main/AndroidManifest.xml:33:9-36:25
57                <action android:name="android.intent.action.MAIN" />
57-->src/main/AndroidManifest.xml:34:13-65
57-->src/main/AndroidManifest.xml:34:21-62
58
59                <category android:name="android.intent.category.LAUNCHER" />
59-->src/main/AndroidManifest.xml:35:13-73
59-->src/main/AndroidManifest.xml:35:23-70
60            </intent-filter>
61        </activity>
62
63        <provider
63-->[:rn-fetch-blob] AndroidManifest.xml:34:9-42:20
64            android:name="com.RNFetchBlob.Utils.FileProvider"
64-->[:rn-fetch-blob] AndroidManifest.xml:35:13-62
65            android:authorities="com.tailorapp.provider"
65-->[:rn-fetch-blob] AndroidManifest.xml:36:13-60
66            android:exported="false"
66-->[:rn-fetch-blob] AndroidManifest.xml:37:13-37
67            android:grantUriPermissions="true" >
67-->[:rn-fetch-blob] AndroidManifest.xml:38:13-47
68            <meta-data
68-->[:rn-fetch-blob] AndroidManifest.xml:39:13-41:58
69                android:name="android.support.FILE_PROVIDER_PATHS"
69-->[:rn-fetch-blob] AndroidManifest.xml:40:17-67
70                android:resource="@xml/provider_paths" />
70-->[:rn-fetch-blob] AndroidManifest.xml:41:17-55
71        </provider>
72
73        <activity
73-->[com.google.android.gms:play-services-auth:19.2.0] AndroidManifest.xml:23:9-27:75
74            android:name="com.google.android.gms.auth.api.signin.internal.SignInHubActivity"
74-->[com.google.android.gms:play-services-auth:19.2.0] AndroidManifest.xml:24:13-93
75            android:excludeFromRecents="true"
75-->[com.google.android.gms:play-services-auth:19.2.0] AndroidManifest.xml:25:13-46
76            android:exported="false"
76-->[com.google.android.gms:play-services-auth:19.2.0] AndroidManifest.xml:26:13-37
77            android:theme="@android:style/Theme.Translucent.NoTitleBar" />
77-->[com.google.android.gms:play-services-auth:19.2.0] AndroidManifest.xml:27:13-72
78        <!--
79            Service handling Google Sign-In user revocation. For apps that do not integrate with
80            Google Sign-In, this service will never be started.
81        -->
82        <service
82-->[com.google.android.gms:play-services-auth:19.2.0] AndroidManifest.xml:33:9-37:51
83            android:name="com.google.android.gms.auth.api.signin.RevocationBoundService"
83-->[com.google.android.gms:play-services-auth:19.2.0] AndroidManifest.xml:34:13-89
84            android:exported="true"
84-->[com.google.android.gms:play-services-auth:19.2.0] AndroidManifest.xml:35:13-36
85            android:permission="com.google.android.gms.auth.api.signin.permission.REVOCATION_NOTIFICATION"
85-->[com.google.android.gms:play-services-auth:19.2.0] AndroidManifest.xml:36:13-107
86            android:visibleToInstantApps="true" />
86-->[com.google.android.gms:play-services-auth:19.2.0] AndroidManifest.xml:37:13-48
87
88        <activity
88-->[com.google.android.gms:play-services-base:17.5.0] AndroidManifest.xml:23:9-26:75
89            android:name="com.google.android.gms.common.api.GoogleApiActivity"
89-->[com.google.android.gms:play-services-base:17.5.0] AndroidManifest.xml:24:13-79
90            android:exported="false"
90-->[com.google.android.gms:play-services-base:17.5.0] AndroidManifest.xml:25:13-37
91            android:theme="@android:style/Theme.Translucent.NoTitleBar" />
91-->[com.google.android.gms:play-services-base:17.5.0] AndroidManifest.xml:26:13-72
92
93        <meta-data
93-->[com.google.android.gms:play-services-basement:17.5.0] AndroidManifest.xml:23:9-25:69
94            android:name="com.google.android.gms.version"
94-->[com.google.android.gms:play-services-basement:17.5.0] AndroidManifest.xml:24:13-58
95            android:value="@integer/google_play_services_version" />
95-->[com.google.android.gms:play-services-basement:17.5.0] AndroidManifest.xml:25:13-66
96
97        <provider
97-->[androidx.emoji2:emoji2:1.0.0] AndroidManifest.xml:26:9-34:20
98            android:name="androidx.startup.InitializationProvider"
98-->[androidx.emoji2:emoji2:1.0.0] AndroidManifest.xml:27:13-67
99            android:authorities="com.tailorapp.androidx-startup"
99-->[androidx.emoji2:emoji2:1.0.0] AndroidManifest.xml:28:13-68
100            android:exported="false" >
100-->[androidx.emoji2:emoji2:1.0.0] AndroidManifest.xml:29:13-37
101            <meta-data
101-->[androidx.emoji2:emoji2:1.0.0] AndroidManifest.xml:31:13-33:52
102                android:name="androidx.emoji2.text.EmojiCompatInitializer"
102-->[androidx.emoji2:emoji2:1.0.0] AndroidManifest.xml:32:17-75
103                android:value="androidx.startup" />
103-->[androidx.emoji2:emoji2:1.0.0] AndroidManifest.xml:33:17-49
104            <meta-data
104-->[androidx.lifecycle:lifecycle-process:2.4.0] AndroidManifest.xml:31:13-33:52
105                android:name="androidx.lifecycle.ProcessLifecycleInitializer"
105-->[androidx.lifecycle:lifecycle-process:2.4.0] AndroidManifest.xml:32:17-78
106                android:value="androidx.startup" />
106-->[androidx.lifecycle:lifecycle-process:2.4.0] AndroidManifest.xml:33:17-49
107        </provider>
108    </application>
109
110</manifest>